AtChengDu/build/intermediates/proguard-rules/chengdu/release/aapt_rules.txt
# view res/layout/cmbkeyboard.xml #generated:104
-keep class android.inputmethodservice.KeyboardView { <init>(...); }

# view res/layout/top_gallery_item.xml #generated:16
# view res/layout/ui_image_scale.xml #generated:62
# view res/layout/ui_main_tab.xml #generated:72
# view res/layout/ui_my_qa_act.xml #generated:47
# view res/layout/ui_service_supermarke.xml #generated:27
# view res/layout/ui_user_guide.xml #generated:8
-keep class android.support.v4.view.ViewPager { <init>(...); }

# view res/layout/ui_main_tab.xml #generated:2
-keep class android.support.v4.widget.DrawerLayout { <init>(...); }

# view AndroidManifest.xml #generated:305
-keep class cmb.pb.cmbsafe.CmbService { <init>(...); }

# view AndroidManifest.xml #generated:300
-keep class cmb.pb.ui.PBKeyboardActivity { <init>(...); }

# view AndroidManifest.xml #generated:445
-keep class cn.jpush.android.service.AlarmReceiver { <init>(...); }

# view AndroidManifest.xml #generated:408
-keep class cn.jpush.android.service.DaemonService { <init>(...); }

# view AndroidManifest.xml #generated:387
-keep class cn.jpush.android.service.DownloadService { <init>(...); }

# view AndroidManifest.xml #generated:421
-keep class cn.jpush.android.service.PushReceiver { <init>(...); }

# view AndroidManifest.xml #generated:394
-keep class cn.jpush.android.service.PushService { <init>(...); }

# view AndroidManifest.xml #generated:374
-keep class cn.jpush.android.ui.PushActivity { <init>(...); }

# view AndroidManifest.xml #generated:485
-keep class com.alipay.sdk.app.H5PayActivity { <init>(...); }

# view AndroidManifest.xml #generated:492
-keep class com.alipay.sdk.auth.AuthActivity { <init>(...); }

# view AndroidManifest.xml #generated:315
-keep class com.baidu.location.f { <init>(...); }

# view AndroidManifest.xml #generated:448
-keep class com.common.jpush.JPushReceiver { <init>(...); }

# view AndroidManifest.xml #generated:327
-keep class com.common.pay.wxpay.AppRegister { <init>(...); }

# view res/layout/lv_column_item.xml #generated:17
# view res/layout/lv_service_list_item.xml #generated:13
-keep class com.common.widget.custom.CircleImageView { <init>(...); }

# view res/layout/ui_city_hot.xml #generated:20
# view res/layout/ui_web_act.xml #generated:124
-keep class com.common.widget.custom.CommonLoadingWidget { <init>(...); }

# view res/layout/fragment_tab1_main.xml #generated:70
-keep class com.common.widget.custom.MyGridViewWidget { <init>(...); }

# view res/layout/fragment_tab1_main.xml #generated:100
# view res/layout/ui_cityselect_act.xml #generated:66
# view res/layout/ui_select_bank_card_act.xml #generated:30
# view res/layout/ui_select_bank_card_act.xml #generated:51
# view res/layout/ui_weather_act.xml #generated:37
-keep class com.common.widget.custom.MyListViewWidget { <init>(...); }

# view res/layout/lv_qa_ask_headerview.xml #generated:67
# view res/layout/ui_isay_act.xml #generated:31
# view res/layout/ui_tab1_act.xml #generated:54
-keep class com.common.widget.custom.NoScrollGridView { <init>(...); }

# view res/layout/common_loading.xml #generated:25
# view res/layout/iphone_progress_dialog.xml #generated:24
-keep class com.common.widget.custom.ProgressWheel { <init>(...); }

# view res/layout/lv_qa_ask_headerview.xml #generated:36
-keep class com.common.widget.tagcloudview.TagCloudView { <init>(...); }

# view res/layout/wheel_view.xml #generated:45
# view res/layout/wheel_view.xml #generated:51
# view res/layout/wheel_view.xml #generated:57
-keep class com.common.widget.wheel.WheelView { <init>(...); }

# view res/layout/fragment_tab3_qa.xml #generated:38
# view res/layout/ui_balance_inquire_act.xml #generated:82
# view res/layout/ui_qa_tag_about_list_act.xml #generated:8
# view res/layout/view_my_attention.xml #generated:7
# view res/layout/view_my_release.xml #generated:7
-keep class com.handmark.pulltorefresh.library.PullToRefreshListView { <init>(...); }

# view res/layout/fragment_tab1_main.xml #generated:7
# view res/layout/ui_tab1_act.xml #generated:33
# view res/layout/ui_weather_act.xml #generated:8
-keep class com.handmark.pulltorefresh.library.PullToRefreshScrollView { <init>(...); }

# view AndroidManifest.xml #generated:366
-keep class com.tencent.connect.common.AssistActivity { <init>(...); }

# view AndroidManifest.xml #generated:353
-keep class com.tencent.tauth.AuthActivity { <init>(...); }

# view AndroidManifest.xml #generated:335
-keep class com.umeng.socialize.view.ShareActivity { <init>(...); }

# view res/layout/umeng_socialize_post_share.xml #generated:2
-keep class com.umeng.socialize.view.wigets.KeyboardListenRelativeLayout { <init>(...); }

# view res/layout/umeng_socialize_at_view.xml #generated:21
-keep class com.umeng.socialize.view.wigets.SearchBox { <init>(...); }

# view res/layout/umeng_socialize_at_view.xml #generated:38
-keep class com.umeng.socialize.view.wigets.SectionListView { <init>(...); }

# view res/layout/umeng_socialize_at_view.xml #generated:47
-keep class com.umeng.socialize.view.wigets.SlideBar { <init>(...); }

# view AndroidManifest.xml #generated:522
-keep class com.umeng.update.UpdateDialogActivity { <init>(...); }

# view AndroidManifest.xml #generated:517
-keep class com.umeng.update.net.DownloadingService { <init>(...); }

# view AndroidManifest.xml #generated:111
-keep class com.z012.chengdu.sc.app.PRJApplication { <init>(...); }

# view AndroidManifest.xml #generated:230
-keep class com.z012.chengdu.sc.ui.activity.AboutActivity { <init>(...); }

# view AndroidManifest.xml #generated:269
-keep class com.z012.chengdu.sc.ui.activity.AccountSecurityActivity { <init>(...); }

# view AndroidManifest.xml #generated:254
-keep class com.z012.chengdu.sc.ui.activity.AddressEditActivity { <init>(...); }

# view AndroidManifest.xml #generated:250
-keep class com.z012.chengdu.sc.ui.activity.AddressManageActivity { <init>(...); }

# view AndroidManifest.xml #generated:273
-keep class com.z012.chengdu.sc.ui.activity.BalanceInquireActivity { <init>(...); }

# view AndroidManifest.xml #generated:277
-keep class com.z012.chengdu.sc.ui.activity.BindBankCardActivity { <init>(...); }

# view AndroidManifest.xml #generated:258
-keep class com.z012.chengdu.sc.ui.activity.BindPhoneActivity { <init>(...); }

# view AndroidManifest.xml #generated:261
-keep class com.z012.chengdu.sc.ui.activity.BindPhoneSecondStepActivity { <init>(...); }

# view AndroidManifest.xml #generated:293
-keep class com.z012.chengdu.sc.ui.activity.BindThirdPartyActivity { <init>(...); }

# view AndroidManifest.xml #generated:285
-keep class com.z012.chengdu.sc.ui.activity.CashingActivity { <init>(...); }

# view AndroidManifest.xml #generated:289
-keep class com.z012.chengdu.sc.ui.activity.CashingVerificationCodeActivity { <init>(...); }

# view AndroidManifest.xml #generated:198
-keep class com.z012.chengdu.sc.ui.activity.ChangePhoneNoActivity { <init>(...); }

# view AndroidManifest.xml #generated:202
-keep class com.z012.chengdu.sc.ui.activity.ChangePhoneNoBindActivity { <init>(...); }

# view AndroidManifest.xml #generated:161
-keep class com.z012.chengdu.sc.ui.activity.ColumnActivity { <init>(...); }

# view AndroidManifest.xml #generated:194
-keep class com.z012.chengdu.sc.ui.activity.FeedbackActivity { <init>(...); }

# view AndroidManifest.xml #generated:210
-keep class com.z012.chengdu.sc.ui.activity.ForgetPwdActivity { <init>(...); }

# view AndroidManifest.xml #generated:151
-keep class com.z012.chengdu.sc.ui.activity.HtmlActivity { <init>(...); }

# view AndroidManifest.xml #generated:218
-keep class com.z012.chengdu.sc.ui.activity.IdentityVerificationActivity { <init>(...); }

# view AndroidManifest.xml #generated:226
-keep class com.z012.chengdu.sc.ui.activity.ImageScaleActivity { <init>(...); }

# view AndroidManifest.xml #generated:242
-keep class com.z012.chengdu.sc.ui.activity.InviteActivity { <init>(...); }

# view AndroidManifest.xml #generated:246
-keep class com.z012.chengdu.sc.ui.activity.InviteListActivity { <init>(...); }

# view AndroidManifest.xml #generated:138
-keep class com.z012.chengdu.sc.ui.activity.LoginActivity { <init>(...); }

# view AndroidManifest.xml #generated:133
-keep class com.z012.chengdu.sc.ui.activity.MainFragmentActivity { <init>(...); }

# view AndroidManifest.xml #generated:190
-keep class com.z012.chengdu.sc.ui.activity.MyCollectionActivity { <init>(...); }

# view AndroidManifest.xml #generated:130
-keep class com.z012.chengdu.sc.ui.activity.MyQAActivity { <init>(...); }

# view AndroidManifest.xml #generated:182
-keep class com.z012.chengdu.sc.ui.activity.PersonalDataActivity { <init>(...); }

# view AndroidManifest.xml #generated:178
-keep class com.z012.chengdu.sc.ui.activity.QADetailsActivity { <init>(...); }

# view AndroidManifest.xml #generated:222
-keep class com.z012.chengdu.sc.ui.activity.QAISayActivity { <init>(...); }

# view AndroidManifest.xml #generated:265
-keep class com.z012.chengdu.sc.ui.activity.QAPursueErrorCorrectionActivity { <init>(...); }

# view AndroidManifest.xml #generated:297
-keep class com.z012.chengdu.sc.ui.activity.QATagAboutListActivity { <init>(...); }

# view AndroidManifest.xml #generated:206
-keep class com.z012.chengdu.sc.ui.activity.RegisterActivity { <init>(...); }

# view AndroidManifest.xml #generated:174
-keep class com.z012.chengdu.sc.ui.activity.SearchActivity { <init>(...); }

# view AndroidManifest.xml #generated:281
-keep class com.z012.chengdu.sc.ui.activity.SelectBankCardActivity { <init>(...); }

# view AndroidManifest.xml #generated:165
-keep class com.z012.chengdu.sc.ui.activity.SupermarketActivity { <init>(...); }

# view AndroidManifest.xml #generated:186
-keep class com.z012.chengdu.sc.ui.activity.SystemSetActivity { <init>(...); }

# view AndroidManifest.xml #generated:214
-keep class com.z012.chengdu.sc.ui.activity.UpdataLoginPwdActivity { <init>(...); }

# view AndroidManifest.xml #generated:156
-keep class com.z012.chengdu.sc.ui.activity.UserGuideActivity { <init>(...); }

# view AndroidManifest.xml #generated:142
-keep class com.z012.chengdu.sc.ui.activity.WeatherActivity { <init>(...); }

# view AndroidManifest.xml #generated:147
-keep class com.z012.chengdu.sc.ui.activity.WeatherSelectActivity { <init>(...); }

# view AndroidManifest.xml #generated:169
-keep class com.z012.chengdu.sc.ui.activity.WebViewActivity { <init>(...); }

# view AndroidManifest.xml #generated:118
-keep class com.z012.chengdu.sc.ui.activity.WelcomeActivity { <init>(...); }

# view AndroidManifest.xml #generated:345
-keep class com.z012.chengdu.sc.wxapi.WXEntryActivity { <init>(...); }

# view AndroidManifest.xml #generated:322
-keep class com.z012.chengdu.sc.wxapi.WXPayEntryActivity { <init>(...); }

# onClick res/layout/view_search_footview.xml #generated:2
-keepclassmembers class * { *** cleanHistory(...); }