AtChengDu/proguard/seeds.txt
com.z012.chengdu.sc.BuildConfig: boolean DEBUG
com.z012.chengdu.sc.BuildConfig: BuildConfig()
com.z012.chengdu.sc.Manifest: Manifest()
com.z012.chengdu.sc.Manifest$permission: java.lang.String JPUSH_MESSAGE
com.z012.chengdu.sc.Manifest$permission: Manifest$permission()
com.z012.chengdu.sc.R: R()
com.z012.chengdu.sc.R$anim
com.z012.chengdu.sc.R$anim: int fade_in
com.z012.chengdu.sc.R$anim: int fade_out
com.z012.chengdu.sc.R$anim: int progressbar
com.z012.chengdu.sc.R$anim: int push_down_in
com.z012.chengdu.sc.R$anim: int push_down_out
com.z012.chengdu.sc.R$anim: int push_left_in
com.z012.chengdu.sc.R$anim: int push_left_out
com.z012.chengdu.sc.R$anim: int push_right_in
com.z012.chengdu.sc.R$anim: int push_right_out
com.z012.chengdu.sc.R$anim: int push_up_in
com.z012.chengdu.sc.R$anim: int push_up_out
com.z012.chengdu.sc.R$anim: int slide_in_from_bottom
com.z012.chengdu.sc.R$anim: int slide_in_from_top
com.z012.chengdu.sc.R$anim: int slide_out_to_bottom
com.z012.chengdu.sc.R$anim: int slide_out_to_top
com.z012.chengdu.sc.R$anim: int umeng_socialize_fade_in
com.z012.chengdu.sc.R$anim: int umeng_socialize_fade_out
com.z012.chengdu.sc.R$anim: int umeng_socialize_shareboard_animation_in
com.z012.chengdu.sc.R$anim: int umeng_socialize_shareboard_animation_out
com.z012.chengdu.sc.R$anim: int umeng_socialize_slide_in_from_bottom
com.z012.chengdu.sc.R$anim: int umeng_socialize_slide_out_from_bottom
com.z012.chengdu.sc.R$anim: int zoomin
com.z012.chengdu.sc.R$anim: int zoomout
com.z012.chengdu.sc.R$anim: R$anim()
com.z012.chengdu.sc.R$array
com.z012.chengdu.sc.R$array: int sex_array
com.z012.chengdu.sc.R$array: R$array()
com.z012.chengdu.sc.R$attr
com.z012.chengdu.sc.R$attr: int ptrAdapterViewBackground
com.z012.chengdu.sc.R$attr: int ptrAnimationStyle
com.z012.chengdu.sc.R$attr: int ptrDrawable
com.z012.chengdu.sc.R$attr: int ptrDrawableBottom
com.z012.chengdu.sc.R$attr: int ptrDrawableEnd
com.z012.chengdu.sc.R$attr: int ptrDrawableStart
com.z012.chengdu.sc.R$attr: int ptrDrawableTop
com.z012.chengdu.sc.R$attr: int ptrHeaderBackground
com.z012.chengdu.sc.R$attr: int ptrHeaderSubTextColor
com.z012.chengdu.sc.R$attr: int ptrHeaderTextAppearance
com.z012.chengdu.sc.R$attr: int ptrHeaderTextColor
com.z012.chengdu.sc.R$attr: int ptrListViewExtrasEnabled
com.z012.chengdu.sc.R$attr: int ptrMode
com.z012.chengdu.sc.R$attr: int ptrOverScroll
com.z012.chengdu.sc.R$attr: int ptrRefreshableViewBackground
com.z012.chengdu.sc.R$attr: int ptrRotateDrawableWhilePulling
com.z012.chengdu.sc.R$attr: int ptrScrollingWhileRefreshingEnabled
com.z012.chengdu.sc.R$attr: int ptrShowIndicator
com.z012.chengdu.sc.R$attr: int ptrSubHeaderTextAppearance
com.z012.chengdu.sc.R$attr: int tcvBackground
com.z012.chengdu.sc.R$attr: int tcvBorder
com.z012.chengdu.sc.R$attr: int tcvBorderItem
com.z012.chengdu.sc.R$attr: int tcvCanTagClick
com.z012.chengdu.sc.R$attr: int tcvEndText
com.z012.chengdu.sc.R$attr: int tcvItemBorderHorizontal
com.z012.chengdu.sc.R$attr: int tcvItemBorderVertical
com.z012.chengdu.sc.R$attr: int tcvRightResId
com.z012.chengdu.sc.R$attr: int tcvShowEndText
com.z012.chengdu.sc.R$attr: int tcvShowRightImg
...
android.support.v4.accessibilityservice.AccessibilityServiceInfoCompat
android.support.v4.accessibilityservice.AccessibilityServiceInfoCompat: android.support.v4.accessibilityservice.AccessibilityServiceInfoCompat$AccessibilityServiceInfoVersionImpl IMPL
android.support.v4.accessibilityservice.AccessibilityServiceInfoCompat: int CAPABILITY_CAN_RETRIEVE_WINDOW_CONTENT
android.support.v4.accessibilityservice.AccessibilityServiceInfoCompat: int CAPABILITY_CAN_REQUEST_TOUCH_EXPLORATION
android.support.v4.accessibilityservice.AccessibilityServiceInfoCompat: int CAPABILITY_CAN_REQUEST_ENHANCED_WEB_ACCESSIBILITY
android.support.v4.accessibilityservice.AccessibilityServiceInfoCompat: int CAPABILITY_CAN_FILTER_KEY_EVENTS
android.support.v4.accessibilityservice.AccessibilityServiceInfoCompat: int FEEDBACK_BRAILLE
android.support.v4.accessibilityservice.AccessibilityServiceInfoCompat: int FEEDBACK_ALL_MASK
android.support.v4.accessibilityservice.AccessibilityServiceInfoCompat: int DEFAULT
android.support.v4.accessibilityservice.AccessibilityServiceInfoCompat: int FLAG_INCLUDE_NOT_IMPORTANT_VIEWS
android.support.v4.accessibilityservice.AccessibilityServiceInfoCompat: int FLAG_REQUEST_TOUCH_EXPLORATION_MODE
android.support.v4.accessibilityservice.AccessibilityServiceInfoCompat: int FLAG_REQUEST_ENHANCED_WEB_ACCESSIBILITY
android.support.v4.accessibilityservice.AccessibilityServiceInfoCompat: int FLAG_REPORT_VIEW_IDS
android.support.v4.accessibilityservice.AccessibilityServiceInfoCompat$AccessibilityServiceInfoIcsImpl
android.support.v4.accessibilityservice.AccessibilityServiceInfoCompat$AccessibilityServiceInfoIcsImpl: AccessibilityServiceInfoCompat$AccessibilityServiceInfoIcsImpl()
android.support.v4.accessibilityservice.AccessibilityServiceInfoCompat$AccessibilityServiceInfoIcsImpl: boolean getCanRetrieveWindowContent(android.accessibilityservice.AccessibilityServiceInfo)
android.support.v4.accessibilityservice.AccessibilityServiceInfoCompat$AccessibilityServiceInfoIcsImpl: java.lang.String getDescription(android.accessibilityservice.AccessibilityServiceInfo)
android.support.v4.accessibilityservice.AccessibilityServiceInfoCompat$AccessibilityServiceInfoIcsImpl: java.lang.String getId(android.accessibilityservice.AccessibilityServiceInfo)
android.support.v4.accessibilityservice.AccessibilityServiceInfoCompat$AccessibilityServiceInfoIcsImpl: android.content.pm.ResolveInfo getResolveInfo(android.accessibilityservice.AccessibilityServiceInfo)
android.support.v4.accessibilityservice.AccessibilityServiceInfoCompat$AccessibilityServiceInfoIcsImpl: java.lang.String getSettingsActivityName(android.accessibilityservice.AccessibilityServiceInfo)
android.support.v4.accessibilityservice.AccessibilityServiceInfoCompat$AccessibilityServiceInfoIcsImpl: int getCapabilities(android.accessibilityservice.AccessibilityServiceInfo)
android.support.v4.accessibilityservice.AccessibilityServiceInfoCompat$AccessibilityServiceInfoJellyBeanMr2
android.support.v4.accessibilityservice.AccessibilityServiceInfoCompat$AccessibilityServiceInfoJellyBeanMr2: AccessibilityServiceInfoCompat$AccessibilityServiceInfoJellyBeanMr2()
android.support.v4.accessibilityservice.AccessibilityServiceInfoCompat$AccessibilityServiceInfoJellyBeanMr2: int getCapabilities(android.accessibilityservice.AccessibilityServiceInfo)