AtChengDu/proguard/mapping.txt
com.z012.chengdu.sc.BuildConfig -> com.z012.chengdu.sc.a:
    boolean DEBUG -> DEBUG
com.z012.chengdu.sc.Manifest -> com.z012.chengdu.sc.b:
com.z012.chengdu.sc.Manifest$permission -> com.z012.chengdu.sc.b$a:
    java.lang.String JPUSH_MESSAGE -> JPUSH_MESSAGE
com.z012.chengdu.sc.R -> com.z012.chengdu.sc.R:
com.z012.chengdu.sc.R$anim -> com.z012.chengdu.sc.R$anim:
    int fade_in -> fade_in
    int fade_out -> fade_out
    int progressbar -> progressbar
    int push_down_in -> push_down_in
    int push_down_out -> push_down_out
    int push_left_in -> push_left_in
    int push_left_out -> push_left_out
    int push_right_in -> push_right_in
    int push_right_out -> push_right_out
    int push_up_in -> push_up_in
    int push_up_out -> push_up_out
    int slide_in_from_bottom -> slide_in_from_bottom
    int slide_in_from_top -> slide_in_from_top
    int slide_out_to_bottom -> slide_out_to_bottom
    int slide_out_to_top -> slide_out_to_top
    int umeng_socialize_fade_in -> umeng_socialize_fade_in
    int umeng_socialize_fade_out -> umeng_socialize_fade_out
    int umeng_socialize_shareboard_animation_in -> umeng_socialize_shareboard_animation_in
    int umeng_socialize_shareboard_animation_out -> umeng_socialize_shareboard_animation_out
    int umeng_socialize_slide_in_from_bottom -> umeng_socialize_slide_in_from_bottom
    int umeng_socialize_slide_out_from_bottom -> umeng_socialize_slide_out_from_bottom
    int zoomin -> zoomin
    int zoomout -> zoomout
com.z012.chengdu.sc.R$array -> com.z012.chengdu.sc.R$array:
    int sex_array -> sex_array
com.z012.chengdu.sc.R$attr -> com.z012.chengdu.sc.R$attr:
    int ptrAdapterViewBackground -> ptrAdapterViewBackground
    int ptrAnimationStyle -> ptrAnimationStyle
    int ptrDrawable -> ptrDrawable
    int ptrDrawableBottom -> ptrDrawableBottom
    int ptrDrawableEnd -> ptrDrawableEnd
    int ptrDrawableStart -> ptrDrawableStart
    int ptrDrawableTop -> ptrDrawableTop
    int ptrHeaderBackground -> ptrHeaderBackground
    int ptrHeaderSubTextColor -> ptrHeaderSubTextColor
    int ptrHeaderTextAppearance -> ptrHeaderTextAppearance
    int ptrHeaderTextColor -> ptrHeaderTextColor
    int ptrListViewExtrasEnabled -> ptrListViewExtrasEnabled
    int ptrMode -> ptrMode
    int ptrOverScroll -> ptrOverScroll
    int ptrRefreshableViewBackground -> ptrRefreshableViewBackground
    int ptrRotateDrawableWhilePulling -> ptrRotateDrawableWhilePulling
    int ptrScrollingWhileRefreshingEnabled -> ptrScrollingWhileRefreshingEnabled
    int ptrShowIndicator -> ptrShowIndicator
    int ptrSubHeaderTextAppearance -> ptrSubHeaderTextAppearance
    int tcvBackground -> tcvBackground
    int tcvBorder -> tcvBorder
    int tcvBorderItem -> tcvBorderItem
    int tcvCanTagClick -> tcvCanTagClick
    int tcvEndText -> tcvEndText
    int tcvItemBorderHorizontal -> tcvItemBorderHorizontal
    int tcvItemBorderVertical -> tcvItemBorderVertical
    int tcvRightResId -> tcvRightResId
    int tcvShowEndText -> tcvShowEndText
    int tcvShowRightImg -> tcvShowRightImg
...
com.handmark.pulltorefresh.library.PullToRefreshBase$State -> com.handmark.pulltorefresh.library.f$j:
    com.handmark.pulltorefresh.library.PullToRefreshBase$State RESET -> RESET
    com.handmark.pulltorefresh.library.PullToRefreshBase$State PULL_TO_REFRESH -> PULL_TO_REFRESH
    com.handmark.pulltorefresh.library.PullToRefreshBase$State RELEASE_TO_REFRESH -> RELEASE_TO_REFRESH
    com.handmark.pulltorefresh.library.PullToRefreshBase$State REFRESHING -> REFRESHING
    com.handmark.pulltorefresh.library.PullToRefreshBase$State MANUAL_REFRESHING -> MANUAL_REFRESHING
    com.handmark.pulltorefresh.library.PullToRefreshBase$State OVERSCROLLING -> OVERSCROLLING
    int mIntValue -> a
    com.handmark.pulltorefresh.library.PullToRefreshBase$State[] ENUM$VALUES -> b
    1568:1575:com.handmark.pulltorefresh.library.PullToRefreshBase$State mapIntToValue(int) -> a
    1585:1585:int getIntValue() -> a
    1:1:com.handmark.pulltorefresh.library.PullToRefreshBase$State[] values() -> values
    1:1:com.handmark.pulltorefresh.library.PullToRefreshBase$State valueOf(java.lang.String) -> valueOf
com.handmark.pulltorefresh.library.PullToRefreshExpandableListView -> com.handmark.pulltorefresh.library.j:
    48:48:com.handmark.pulltorefresh.library.PullToRefreshBase$Orientation getPullToRefreshScrollDirection() -> getPullToRefreshScrollDirection
    54:62:android.widget.ExpandableListView createRefreshableView(android.content.Context,android.util.AttributeSet) -> b
    1:1:android.view.View createRefreshableView(android.content.Context,android.util.AttributeSet) -> a
com.handmark.pulltorefresh.library.PullToRefreshExpandableListView$InternalExpandableListView -> com.handmark.pulltorefresh.library.j$a:
    com.handmark.pulltorefresh.library.PullToRefreshExpandableListView this$0 -> a
    73:74:void setEmptyView(android.view.View) -> setEmptyView
    78:79:void setEmptyViewInternal(android.view.View) -> setEmptyViewInternal
com.handmark.pulltorefresh.library.PullToRefreshExpandableListView$InternalExpandableListViewSDK9 -> com.handmark.pulltorefresh.library.j$b:
    com.handmark.pulltorefresh.library.PullToRefreshExpandableListView this$0 -> b
    93:100:boolean overScrollBy(int,int,int,int,int,int,int,int,boolean) -> overScrollBy
com.handmark.pulltorefresh.library.PullToRefreshGridView -> com.handmark.pulltorefresh.library.k:
    48:48:com.handmark.pulltorefresh.library.PullToRefreshBase$Orientation getPullToRefreshScrollDirection() -> getPullToRefreshScrollDirection
    54:62:android.widget.GridView createRefreshableView(android.content.Context,android.util.AttributeSet) -> b
    1:1:android.view.View createRefreshableView(android.content.Context,android.util.AttributeSet) -> a
com.handmark.pulltorefresh.library.PullToRefreshGridView$InternalGridView -> com.handmark.pulltorefresh.library.k$a:
    com.handmark.pulltorefresh.library.PullToRefreshGridView this$0 -> a
    73:74:void setEmptyView(android.view.View) -> setEmptyView
    78:79:void setEmptyViewInternal(android.view.View) -> setEmptyViewInternal
com.handmark.pulltorefresh.library.PullToRefreshGridView$InternalGridViewSDK9 -> com.handmark.pulltorefresh.library.k$b:
    com.handmark.pulltorefresh.library.PullToRefreshGridView this$0 -> b
    93:99:boolean overScrollBy(int,int,int,int,int,int,int,int,boolean) -> overScrollBy
com.handmark.pulltorefresh.library.PullToRefreshHorizontalScrollView -> com.handmark.pulltorefresh.library.l:
    46:46:com.handmark.pulltorefresh.library.PullToRefreshBase$Orientation getPullToRefreshScrollDirection() -> getPullToRefreshScrollDirection
    53:60:android.widget.HorizontalScrollView createRefreshableView(android.content.Context,android.util.AttributeSet) -> b
    65:65:boolean isReadyForPullStart() -> d
    70:74:boolean isReadyForPullEnd() -> e
    1:1:android.view.View createRefreshableView(android.content.Context,android.util.AttributeSet) -> a